  main.cpp
c:\users\jorre\projects\current\datastructures\project 2  - generics and templates\project 2  - generics and templates\linkedlist.h(56): error C2440: '=': cannot convert from 'T *' to 'T *'
          with
          [
              T=Pair<int>
          ]
          and
          [
              T=int
          ]
  c:\users\jorre\projects\current\datastructures\project 2  - generics and templates\project 2  - generics and templates\linkedlist.h(56): note: Types pointed to are unrelated; conversion requires reinterpret_cast, C-style cast or function-style cast
  c:\users\jorre\projects\current\datastructures\project 2  - generics and templates\project 2  - generics and templates\linkedlist.h(43): note: while compiling class template member function 'void LinkedList<Pair<int>>::front(T *)'
          with
          [
              T=Pair<int>
          ]
  c:\users\jorre\projects\current\datastructures\project 2  - generics and templates\project 2  - generics and templates\main.cpp(22): note: see reference to function template instantiation 'void LinkedList<Pair<int>>::front(T *)' being compiled
          with
          [
              T=Pair<int>
          ]
  c:\users\jorre\projects\current\datastructures\project 2  - generics and templates\project 2  - generics and templates\main.cpp(20): note: see reference to class template instantiation 'LinkedList<Pair<int>>' being compiled
