  main.cpp
c:\users\jorre\projects\current\datastructures\project 4 application of stacks and queues\project 4 application of stacks and queues\node.h(62): error C2039: 'enqueue': is not a member of 'Node<T>'
          with
          [
              T=std::string
          ]
  c:\users\jorre\projects\current\datastructures\project 4 application of stacks and queues\project 4 application of stacks and queues\checker.h(23): note: see declaration of 'Node<T>'
          with
          [
              T=std::string
          ]
  c:\users\jorre\projects\current\datastructures\project 4 application of stacks and queues\project 4 application of stacks and queues\node.h(52): note: while compiling class template member function 'void Node<T>::addNode(T)'
          with
          [
              T=std::string
          ]
  c:\users\jorre\projects\current\datastructures\project 4 application of stacks and queues\project 4 application of stacks and queues\checker.h(81): note: see reference to function template instantiation 'void Node<T>::addNode(T)' being compiled
          with
          [
              T=std::string
          ]
  c:\users\jorre\projects\current\datastructures\project 4 application of stacks and queues\project 4 application of stacks and queues\checker.h(64): note: while compiling class template member function 'void Checker<std::string>::parseFile(std::string,List<Node<T>> *)'
          with
          [
              T=std::string
          ]
  c:\users\jorre\projects\current\datastructures\project 4 application of stacks and queues\project 4 application of stacks and queues\checker.h(46): note: see reference to function template instantiation 'void Checker<std::string>::parseFile(std::string,List<Node<T>> *)' being compiled
          with
          [
              T=std::string
          ]
  c:\users\jorre\projects\current\datastructures\project 4 application of stacks and queues\project 4 application of stacks and queues\checker.h(43): note: while compiling class template member function 'void Checker<std::string>::builder(std::string)'
  c:\users\jorre\projects\current\datastructures\project 4 application of stacks and queues\project 4 application of stacks and queues\checker.h(39): note: see reference to function template instantiation 'void Checker<std::string>::builder(std::string)' being compiled
  c:\users\jorre\projects\current\datastructures\project 4 application of stacks and queues\project 4 application of stacks and queues\checker.h(38): note: while compiling class template member function 'Checker<std::string>::Checker(std::string)'
  c:\users\jorre\projects\current\datastructures\project 4 application of stacks and queues\project 4 application of stacks and queues\main.cpp(21): note: see reference to function template instantiation 'Checker<std::string>::Checker(std::string)' being compiled
  c:\users\jorre\projects\current\datastructures\project 4 application of stacks and queues\project 4 application of stacks and queues\main.cpp(21): note: see reference to class template instantiation 'Checker<std::string>' being compiled
c:\users\jorre\projects\current\datastructures\project 4 application of stacks and queues\project 4 application of stacks and queues\node.h(86): error C2039: 'enqueue': is not a member of 'Node<T>'
          with
          [
              T=std::string
          ]
  c:\users\jorre\projects\current\datastructures\project 4 application of stacks and queues\project 4 application of stacks and queues\checker.h(23): note: see declaration of 'Node<T>'
          with
          [
              T=std::string
          ]
c:\users\jorre\projects\current\datastructures\project 4 application of stacks and queues\project 4 application of stacks and queues\list.h(118): error C2679: binary '=': no operator found which takes a right-hand operand of type 'T *' (or there is no acceptable conversion)
          with
          [
              T=Node<std::string>
          ]
  c:\users\jorre\projects\current\datastructures\project 4 application of stacks and queues\project 4 application of stacks and queues\node.h(35): note: could be 'Node<T> &Node<T>::operator =(Node<T> &&)'
          with
          [
              T=std::string
          ]
  c:\users\jorre\projects\current\datastructures\project 4 application of stacks and queues\project 4 application of stacks and queues\node.h(35): note: or       'Node<T> &Node<T>::operator =(const Node<T> &)'
          with
          [
              T=std::string
          ]
  c:\users\jorre\projects\current\datastructures\project 4 application of stacks and queues\project 4 application of stacks and queues\list.h(118): note: while trying to match the argument list '(T, T *)'
          with
          [
              T=Node<std::string>
          ]
  c:\users\jorre\projects\current\datastructures\project 4 application of stacks and queues\project 4 application of stacks and queues\list.h(113): note: while compiling class template member function 'void List<Node<T>>::addNode(Node<T> *)'
          with
          [
              T=std::string
          ]
  c:\users\jorre\projects\current\datastructures\project 4 application of stacks and queues\project 4 application of stacks and queues\checker.h(82): note: see reference to function template instantiation 'void List<Node<T>>::addNode(Node<T> *)' being compiled
          with
          [
              T=std::string
          ]
c:\users\jorre\projects\current\datastructures\project 4 application of stacks and queues\project 4 application of stacks and queues\list.h(133): error C2679: binary '=': no operator found which takes a right-hand operand of type 'T *' (or there is no acceptable conversion)
          with
          [
              T=Node<std::string>
          ]
  c:\users\jorre\projects\current\datastructures\project 4 application of stacks and queues\project 4 application of stacks and queues\node.h(35): note: could be 'Node<T> &Node<T>::operator =(Node<T> &&)'
          with
          [
              T=std::string
          ]
  c:\users\jorre\projects\current\datastructures\project 4 application of stacks and queues\project 4 application of stacks and queues\node.h(35): note: or       'Node<T> &Node<T>::operator =(const Node<T> &)'
          with
          [
              T=std::string
          ]
  c:\users\jorre\projects\current\datastructures\project 4 application of stacks and queues\project 4 application of stacks and queues\list.h(133): note: while trying to match the argument list '(T, T *)'
          with
          [
              T=Node<std::string>
          ]
